mode: set
github.com/luck02/dibbler/repo/FakeBidRepo.go:12.95,14.32 2 0
github.com/luck02/dibbler/repo/FakeBidRepo.go:18.2,18.47 1 0
github.com/luck02/dibbler/repo/FakeBidRepo.go:14.32,16.3 1 0
github.com/luck02/dibbler/repo/FakeBidRepo.go:21.71,23.2 1 0
github.com/luck02/dibbler/repo/BidRepository.go:27.63,31.2 3 1
github.com/luck02/dibbler/repo/BidRepository.go:34.96,46.16 9 1
github.com/luck02/dibbler/repo/BidRepository.go:50.2,50.53 1 1
github.com/luck02/dibbler/repo/BidRepository.go:61.2,64.16 4 1
github.com/luck02/dibbler/repo/BidRepository.go:68.2,68.16 1 1
github.com/luck02/dibbler/repo/BidRepository.go:72.2,73.16 2 1
github.com/luck02/dibbler/repo/BidRepository.go:76.2,81.28 2 1
github.com/luck02/dibbler/repo/BidRepository.go:46.16,48.3 1 0
github.com/luck02/dibbler/repo/BidRepository.go:50.53,53.17 3 1
github.com/luck02/dibbler/repo/BidRepository.go:57.3,58.30 2 1
github.com/luck02/dibbler/repo/BidRepository.go:53.17,55.4 1 0
github.com/luck02/dibbler/repo/BidRepository.go:64.16,66.3 1 0
github.com/luck02/dibbler/repo/BidRepository.go:68.16,70.3 1 0
github.com/luck02/dibbler/repo/BidRepository.go:73.16,75.3 1 0
github.com/luck02/dibbler/repo/BidRepository.go:84.72,89.16 4 1
github.com/luck02/dibbler/repo/BidRepository.go:93.2,94.16 2 1
github.com/luck02/dibbler/repo/BidRepository.go:98.2,101.41 3 1
github.com/luck02/dibbler/repo/BidRepository.go:110.2,110.23 1 1
github.com/luck02/dibbler/repo/BidRepository.go:89.16,91.3 1 0
github.com/luck02/dibbler/repo/BidRepository.go:94.16,96.3 1 0
github.com/luck02/dibbler/repo/BidRepository.go:101.41,104.17 3 1
github.com/luck02/dibbler/repo/BidRepository.go:107.3,107.26 1 1
github.com/luck02/dibbler/repo/BidRepository.go:104.17,106.4 1 0
github.com/luck02/dibbler/repo/BidRepository.go:113.75,118.16 4 1
github.com/luck02/dibbler/repo/BidRepository.go:122.2,124.16 3 1
github.com/luck02/dibbler/repo/BidRepository.go:128.2,129.16 2 1
github.com/luck02/dibbler/repo/BidRepository.go:132.2,134.12 2 1
github.com/luck02/dibbler/repo/BidRepository.go:118.16,120.3 1 0
github.com/luck02/dibbler/repo/BidRepository.go:124.16,126.3 1 0
github.com/luck02/dibbler/repo/BidRepository.go:129.16,131.3 1 0
github.com/luck02/dibbler/repo/BidRepository.go:137.77,150.16 11 1
github.com/luck02/dibbler/repo/BidRepository.go:154.2,155.16 2 1
github.com/luck02/dibbler/repo/BidRepository.go:158.2,159.16 2 1
github.com/luck02/dibbler/repo/BidRepository.go:162.2,165.16 3 1
github.com/luck02/dibbler/repo/BidRepository.go:168.2,168.22 1 1
github.com/luck02/dibbler/repo/BidRepository.go:150.16,152.3 1 0
github.com/luck02/dibbler/repo/BidRepository.go:155.16,157.3 1 0
github.com/luck02/dibbler/repo/BidRepository.go:159.16,161.3 1 0
github.com/luck02/dibbler/repo/BidRepository.go:165.16,167.3 1 0
github.com/luck02/dibbler/repo/BidRepository.go:171.76,172.20 1 1
github.com/luck02/dibbler/repo/BidRepository.go:207.2,207.77 1 0
github.com/luck02/dibbler/repo/BidRepository.go:173.2,177.17 4 1
github.com/luck02/dibbler/repo/BidRepository.go:180.3,180.23 1 1
github.com/luck02/dibbler/repo/BidRepository.go:181.2,185.17 4 1
github.com/luck02/dibbler/repo/BidRepository.go:188.3,188.30 1 1
github.com/luck02/dibbler/repo/BidRepository.go:189.2,193.17 4 1
github.com/luck02/dibbler/repo/BidRepository.go:196.3,196.28 1 1
github.com/luck02/dibbler/repo/BidRepository.go:197.2,201.17 4 1
github.com/luck02/dibbler/repo/BidRepository.go:204.3,204.23 1 1
github.com/luck02/dibbler/repo/BidRepository.go:177.17,179.4 1 0
github.com/luck02/dibbler/repo/BidRepository.go:185.17,187.4 1 0
github.com/luck02/dibbler/repo/BidRepository.go:193.17,195.4 1 0
github.com/luck02/dibbler/repo/BidRepository.go:201.17,203.4 1 0
github.com/luck02/dibbler/repo/BidRepository.go:210.41,214.36 1 1
github.com/luck02/dibbler/repo/BidRepository.go:214.36,216.18 2 1
github.com/luck02/dibbler/repo/BidRepository.go:219.4,219.17 1 1
github.com/luck02/dibbler/repo/BidRepository.go:216.18,218.5 1 0
github.com/luck02/dibbler/repo/BidRepository.go:221.55,224.4 2 1
