mode: set
github.com/luck02/dibbler/service/PlaceBids.go:23.99,26.43 2 1
github.com/luck02/dibbler/service/PlaceBids.go:42.2,42.68 1 1
github.com/luck02/dibbler/service/PlaceBids.go:26.43,28.35 1 1
github.com/luck02/dibbler/service/PlaceBids.go:28.35,29.84 1 1
github.com/luck02/dibbler/service/PlaceBids.go:29.84,31.5 1 0
github.com/luck02/dibbler/service/PlaceBids.go:31.5,31.22 1 1
github.com/luck02/dibbler/service/PlaceBids.go:31.22,33.5 1 1
github.com/luck02/dibbler/service/PlaceBids.go:33.5,33.50 1 1
github.com/luck02/dibbler/service/PlaceBids.go:33.50,36.10 2 1
github.com/luck02/dibbler/service/PlaceBids.go:37.5,39.5 1 1
github.com/luck02/dibbler/service/GetSortedApplicableCampaigns.go:15.121,18.16 2 1
github.com/luck02/dibbler/service/GetSortedApplicableCampaigns.go:21.2,26.37 5 1
github.com/luck02/dibbler/service/GetSortedApplicableCampaigns.go:32.2,33.33 2 1
github.com/luck02/dibbler/service/GetSortedApplicableCampaigns.go:18.16,20.3 1 0
github.com/luck02/dibbler/service/GetSortedApplicableCampaigns.go:26.37,27.53 1 1
github.com/luck02/dibbler/service/GetSortedApplicableCampaigns.go:27.53,29.4 1 1
github.com/luck02/dibbler/service/GetSortedApplicableCampaigns.go:36.97,40.45 2 1
github.com/luck02/dibbler/service/GetSortedApplicableCampaigns.go:74.2,74.14 1 1
github.com/luck02/dibbler/service/GetSortedApplicableCampaigns.go:41.2,42.74 1 1
github.com/luck02/dibbler/service/GetSortedApplicableCampaigns.go:47.2,49.17 2 1
github.com/luck02/dibbler/service/GetSortedApplicableCampaigns.go:53.3,54.17 2 1
github.com/luck02/dibbler/service/GetSortedApplicableCampaigns.go:58.3,58.55 1 1
github.com/luck02/dibbler/service/GetSortedApplicableCampaigns.go:61.2,62.87 1 1
github.com/luck02/dibbler/service/GetSortedApplicableCampaigns.go:67.2,68.74 1 1
github.com/luck02/dibbler/service/GetSortedApplicableCampaigns.go:42.74,44.4 1 0
github.com/luck02/dibbler/service/GetSortedApplicableCampaigns.go:44.4,46.4 1 1
github.com/luck02/dibbler/service/GetSortedApplicableCampaigns.go:49.17,51.4 1 0
github.com/luck02/dibbler/service/GetSortedApplicableCampaigns.go:54.17,56.4 1 0
github.com/luck02/dibbler/service/GetSortedApplicableCampaigns.go:58.55,60.4 1 1
github.com/luck02/dibbler/service/GetSortedApplicableCampaigns.go:62.87,64.4 1 0
github.com/luck02/dibbler/service/GetSortedApplicableCampaigns.go:64.4,66.4 1 1
github.com/luck02/dibbler/service/GetSortedApplicableCampaigns.go:68.74,70.4 1 0
github.com/luck02/dibbler/service/GetSortedApplicableCampaigns.go:70.4,72.4 1 1
